2017/02/20 16:31:10 v-498-VM is running on the same host where r-448-VM
2017/02/20 16:31:10 v-598-VM is running on the same host where r-448-VM
2017/02/27 21:25:47 v-598-VM is running on the same host where r-448-VM
2017/02/27 21:25:47 v-498-VM is running on the same host where r-448-VM
2017/02/27 21:27:50 v-498-VM is running on the same host where r-448-VM
2017/02/27 21:27:50 v-598-VM is running on the same host where r-448-VM
2017/02/27 21:38:37 v-598-VM is running on the same host where r-448-VM
2017/02/27 21:38:37 v-498-VM is running on the same host where r-448-VM
2017/02/27 21:39:54 v-498-VM is running on the same host where r-448-VM
2017/02/27 21:39:54 v-598-VM is running on the same host where r-448-VM
2017/02/27 21:40:24 v-498-VM is running on the same host where r-448-VM
2017/02/27 21:40:24 v-598-VM is running on the same host where r-448-VM
2017/02/27 21:40:33 v-498-VM is running on the same host where r-448-VM
2017/02/27 21:40:33 v-598-VM is running on the same host where r-448-VM
2017/02/27 21:43:51 v-498-VM is running on the same host where r-448-VM
2017/02/27 21:43:51 v-598-VM is running on the same host where r-448-VM
2017/02/27 21:44:12 v-598-VM is running on the same host where r-448-VM
2017/02/27 21:44:12 v-498-VM is running on the same host where r-448-VM
2017/02/27 21:44:20 v-498-VM is running on the same host where r-448-VM
2017/02/27 21:44:20 v-598-VM is running on the same host where r-448-VM
2017/02/27 21:44:30 v-598-VM is running on the same host where r-448-VM
2017/02/27 21:44:30 v-498-VM is running on the same host where r-448-VM
2017/02/27 21:45:05 v-498-VM is running on the same host where r-448-VM
2017/02/27 21:45:05 v-598-VM is running on the same host where r-448-VM
2017/02/27 21:46:53 v-598-VM is running on the same host where r-448-VM
2017/02/27 21:46:53 v-498-VM is running on the same host where r-448-VM
2017/02/27 21:47:14 v-598-VM is running on the same host where r-448-VM
2017/02/27 21:47:14 v-498-VM is running on the same host where r-448-VM
2017/02/27 21:47:25 v-498-VM is running on the same host where r-448-VM
2017/02/27 21:47:25 v-598-VM is running on the same host where r-448-VM
2017/02/27 21:57:20 v-598-VM is running on the same host where r-448-VM
2017/02/27 21:57:20 v-498-VM is running on the same host where r-448-VM
2017/02/27 22:00:58 v-598-VM is running on the same host where r-448-VM
2017/02/27 22:00:58 v-498-VM is running on the same host where r-448-VM
2017/02/27 22:01:06 v-498-VM is running on the same host where r-448-VM
2017/02/27 22:01:06 v-598-VM is running on the same host where r-448-VM
2017/02/27 22:01:46 v-598-VM is running on the same host where r-448-VM
2017/02/27 22:01:46 v-498-VM is running on the same host where r-448-VM
2017/02/27 22:02:05 v-598-VM is running on the same host where r-448-VM
2017/02/27 22:02:05 v-498-VM is running on the same host where r-448-VM
2017/02/27 22:02:09 v-498-VM is running on the same host where r-448-VM
2017/02/27 22:02:09 v-598-VM is running on the same host where r-448-VM
2017/02/27 22:02:12 v-598-VM is running on the same host where r-448-VM
2017/02/27 22:02:12 v-498-VM is running on the same host where r-448-VM
2017/02/27 22:03:46 v-598-VM is running on the same host where r-448-VM
2017/02/27 22:03:46 v-498-VM is running on the same host where r-448-VM
2017/02/27 22:03:53 v-598-VM is running on the same host where r-448-VM
2017/02/27 22:03:53 v-498-VM is running on the same host where r-448-VM
2017/02/27 22:04:17 v-598-VM is running on the same host where r-448-VM
2017/02/27 22:04:17 v-498-VM is running on the same host where r-448-VM
2017/02/27 22:04:36 v-598-VM is running on the same host where r-448-VM
2017/02/27 22:04:36 v-498-VM is running on the same host where r-448-VM
2017/02/27 22:05:25 v-498-VM is running on the same host where r-448-VM
2017/02/27 22:05:25 v-598-VM is running on the same host where r-448-VM
2017/02/27 22:05:29 v-498-VM is running on the same host where r-448-VM
2017/02/27 22:05:29 v-598-VM is running on the same host where r-448-VM
2017/02/27 22:06:13 v-598-VM is running on the same host where r-448-VM
2017/02/27 22:06:13 v-498-VM is running on the same host where r-448-VM
2017/02/27 22:08:48 v-498-VM is running on the same host where r-448-VM
2017/02/27 22:08:48 v-598-VM is running on the same host where r-448-VM
2017/02/27 22:09:05 v-598-VM is running on the same host where r-448-VM
2017/02/27 22:09:05 v-498-VM is running on the same host where r-448-VM
2017/02/27 22:09:11 v-498-VM is running on the same host where r-448-VM
2017/02/27 22:09:11 v-598-VM is running on the same host where r-448-VM
2017/02/27 22:09:24 v-498-VM is running on the same host where r-448-VM
2017/02/27 22:09:24 v-598-VM is running on the same host where r-448-VM
2017/02/27 22:09:30 v-498-VM is running on the same host where r-448-VM
2017/02/27 22:09:30 v-598-VM is running on the same host where r-448-VM
2017/02/27 22:12:42 v-498-VM is running on the same host where r-448-VM
2017/02/27 22:12:42 v-598-VM is running on the same host where r-448-VM
2017/02/27 22:12:51 v-598-VM is running on the same host where r-448-VM
2017/02/27 22:12:51 v-498-VM is running on the same host where r-448-VM
2017/02/27 22:13:11 v-498-VM is running on the same host where r-448-VM
2017/02/27 22:13:11 v-598-VM is running on the same host where r-448-VM
2017/02/27 22:13:32 v-498-VM is running on the same host where r-448-VM
2017/02/27 22:13:32 v-598-VM is running on the same host where r-448-VM
2017/02/27 22:15:17 v-598-VM is running on the same host where r-448-VM
2017/02/27 22:15:17 v-498-VM is running on the same host where r-448-VM
2017/02/27 22:15:23 v-598-VM is running on the same host where r-448-VM
2017/02/27 22:15:23 v-498-VM is running on the same host where r-448-VM
2017/02/27 22:15:44 v-598-VM is running on the same host where r-448-VM
2017/02/27 22:15:44 v-498-VM is running on the same host where r-448-VM
2017/02/27 22:15:50 v-498-VM is running on the same host where r-448-VM
2017/02/27 22:15:50 v-598-VM is running on the same host where r-448-VM
2017/02/27 22:16:30 v-498-VM is running on the same host where r-448-VM
2017/02/27 22:16:30 v-598-VM is running on the same host where r-448-VM
2017/02/27 22:17:25 v-598-VM is running on the same host where r-448-VM
2017/02/27 22:17:25 v-498-VM is running on the same host where r-448-VM
2017/02/27 22:17:44 v-498-VM is running on the same host where r-448-VM
2017/02/27 22:17:44 v-598-VM is running on the same host where r-448-VM
2017/02/27 22:18:11 v-598-VM is running on the same host where r-448-VM
2017/02/27 22:18:11 v-498-VM is running on the same host where r-448-VM
2017/02/27 22:23:58 v-598-VM is running on the same host where r-448-VM
2017/02/27 22:23:58 v-498-VM is running on the same host where r-448-VM
2017/02/27 22:24:16 v-498-VM is running on the same host where r-448-VM
2017/02/27 22:24:16 v-598-VM is running on the same host where r-448-VM
2017/02/27 22:24:20 v-498-VM is running on the same host where r-448-VM
2017/02/27 22:24:20 v-598-VM is running on the same host where r-448-VM
2017/03/05 22:02:22 v-498-VM is running on the same host where r-448-VM
2017/03/05 22:02:22 v-598-VM is running on the same host where r-448-VM
2017/03/05 22:02:32 v-498-VM is running on the same host where r-448-VM
2017/03/05 22:02:32 v-598-VM is running on the same host where r-448-VM
2017/03/05 22:03:57 v-498-VM is running on the same host where r-448-VM
2017/03/05 22:03:57 v-598-VM is running on the same host where r-448-VM
2017/03/05 22:04:00 v-498-VM is running on the same host where r-448-VM
2017/03/05 22:04:00 v-598-VM is running on the same host where r-448-VM
2017/03/05 22:04:11 v-598-VM is running on the same host where r-448-VM
2017/03/05 22:04:11 v-498-VM is running on the same host where r-448-VM
2017/03/05 22:04:13 v-598-VM is running on the same host where r-448-VM
2017/03/05 22:04:13 v-498-VM is running on the same host where r-448-VM
2017/03/05 22:06:38 v-498-VM is running on the same host where r-448-VM
2017/03/05 22:06:38 v-598-VM is running on the same host where r-448-VM
2017/03/05 22:07:11 v-598-VM is running on the same host where r-448-VM
2017/03/05 22:07:11 v-498-VM is running on the same host where r-448-VM
2017/03/05 22:08:29 v-498-VM is running on the same host where r-448-VM
2017/03/05 22:08:29 v-598-VM is running on the same host where r-448-VM
2017/03/05 22:12:46 v-598-VM is running on the same host where r-448-VM
2017/03/05 22:12:46 v-498-VM is running on the same host where r-448-VM
2017/03/05 22:13:15 v-498-VM is running on the same host where r-448-VM
2017/03/05 22:13:15 v-598-VM is running on the same host where r-448-VM
2017/03/05 22:13:20 v-498-VM is running on the same host where r-448-VM
2017/03/05 22:13:20 v-598-VM is running on the same host where r-448-VM
2017/03/05 22:13:38 v-498-VM is running on the same host where r-448-VM
2017/03/05 22:13:38 v-598-VM is running on the same host where r-448-VM
2017/06/05 08:51:18 v-498-VM is running on the same host where r-448-VM
2017/06/05 08:51:18 v-598-VM is running on the same host where r-448-VM
2017/07/08 21:29:15 v-498-VM is running on the same host where r-448-VM
2017/07/08 21:29:15 v-598-VM is running on the same host where r-448-VM
2017/07/08 21:29:35 v-498-VM is running on the same host where r-448-VM
2017/07/08 21:29:35 v-598-VM is running on the same host where r-448-VM
2017/07/08 22:49:44 v-598-VM is running on the same host where r-448-VM
2017/07/08 22:49:44 v-498-VM is running on the same host where r-448-VM
2017/07/08 22:55:50 v-598-VM is running on the same host where r-448-VM
2017/07/08 22:55:50 v-498-VM is running on the same host where r-448-VM
2017/07/08 22:15:54 v-598-VM is running on the same host where r-448-VM
2017/07/08 22:15:54 v-498-VM is running on the same host where r-448-VM
2017/07/08 22:16:06 v-598-VM is running on the same host where r-448-VM
2017/07/08 22:16:06 v-498-VM is running on the same host where r-448-VM
2017/07/08 22:16:20 v-598-VM is running on the same host where r-448-VM
2017/07/08 22:16:20 v-498-VM is running on the same host where r-448-VM
2017/07/08 22:18:54 v-498-VM is running on the same host where r-448-VM
2017/07/08 22:18:54 v-598-VM is running on the same host where r-448-VM
2017/07/08 22:19:05 v-498-VM is running on the same host where r-448-VM
2017/07/08 22:19:05 v-598-VM is running on the same host where r-448-VM
2017/07/08 22:19:13 v-598-VM is running on the same host where r-448-VM
2017/07/08 22:19:13 v-498-VM is running on the same host where r-448-VM
2017/07/08 22:19:23 v-498-VM is running on the same host where r-448-VM
2017/07/08 22:19:23 v-598-VM is running on the same host where r-448-VM
2017/07/08 22:25:10 M is running on the same host where r-448-VM
2017/07/08 22:25:10 v is running on the same host where r-448-VM
2017/07/08 22:25:10 - is running on the same host where r-448-VM
2017/07/08 22:25:10 v-598-VM is running on the same host where r-448-VM
2017/07/08 22:25:10 4 is running on the same host where r-448-VM
2017/07/08 22:25:10 V is running on the same host where r-448-VM
2017/07/08 22:25:10 9 is running on the same host where r-448-VM
2017/07/08 22:25:10 8 is running on the same host where r-448-VM
2017/07/08 22:25:10 c is running on the same host where r-447-VM
2017/07/08 22:25:10 - is running on the same host where r-447-VM
2017/07/08 22:25:10 l is running on the same host where r-447-VM
2017/07/08 22:25:10 0 is running on the same host where r-447-VM
2017/07/08 22:25:10 s is running on the same host where r-447-VM
2017/07/08 22:25:10 5 is running on the same host where r-447-VM
2017/07/08 22:25:10 t is running on the same host where r-447-VM
2017/07/08 22:25:58 M is running on the same host where r-448-VM
2017/07/08 22:25:58 v is running on the same host where r-448-VM
2017/07/08 22:25:58 - is running on the same host where r-448-VM
2017/07/08 22:25:58 v-598-VM is running on the same host where r-448-VM
2017/07/08 22:25:58 4 is running on the same host where r-448-VM
2017/07/08 22:25:58 V is running on the same host where r-448-VM
2017/07/08 22:25:58 9 is running on the same host where r-448-VM
2017/07/08 22:25:58 8 is running on the same host where r-448-VM
2017/07/08 22:25:58 c is running on the same host where r-447-VM
2017/07/08 22:25:58 - is running on the same host where r-447-VM
2017/07/08 22:25:58 l is running on the same host where r-447-VM
2017/07/08 22:25:58 0 is running on the same host where r-447-VM
2017/07/08 22:25:58 s is running on the same host where r-447-VM
2017/07/08 22:25:58 5 is running on the same host where r-447-VM
2017/07/08 22:25:58 t is running on the same host where r-447-VM
2017/07/08 23:26:19 M is running on the same host where r-448-VM
2017/07/08 23:26:19 v is running on the same host where r-448-VM
2017/07/08 23:26:19 - is running on the same host where r-448-VM
2017/07/08 23:26:19 v-598-VM is running on the same host where r-448-VM
2017/07/08 23:26:19 4 is running on the same host where r-448-VM
2017/07/08 23:26:19 V is running on the same host where r-448-VM
2017/07/08 23:26:19 9 is running on the same host where r-448-VM
2017/07/08 23:26:19 8 is running on the same host where r-448-VM
2017/07/08 23:26:19 c is running on the same host where r-447-VM
2017/07/08 23:26:19 - is running on the same host where r-447-VM
2017/07/08 23:26:19 l is running on the same host where r-447-VM
2017/07/08 23:26:19 0 is running on the same host where r-447-VM
2017/07/08 23:26:19 s is running on the same host where r-447-VM
2017/07/08 23:26:19 5 is running on the same host where r-447-VM
2017/07/08 23:26:19 t is running on the same host where r-447-VM
2017/07/08 22:27:30 v-498-VM is running on the same host where r-448-VM
2017/07/08 22:27:30 v-598-VM is running on the same host where r-448-VM
2017/07/08 22:28:23 M is running on the same host where r-448-VM
2017/07/08 22:28:23 v is running on the same host where r-448-VM
2017/07/08 22:28:23 - is running on the same host where r-448-VM
2017/07/08 22:28:23 v-598-VM is running on the same host where r-448-VM
2017/07/08 22:28:23 4 is running on the same host where r-448-VM
2017/07/08 22:28:23 V is running on the same host where r-448-VM
2017/07/08 22:28:23 9 is running on the same host where r-448-VM
2017/07/08 22:28:23 8 is running on the same host where r-448-VM
2017/07/08 22:28:23 c is running on the same host where r-447-VM
2017/07/08 22:28:23 - is running on the same host where r-447-VM
2017/07/08 22:28:23 l is running on the same host where r-447-VM
2017/07/08 22:28:23 0 is running on the same host where r-447-VM
2017/07/08 22:28:23 s is running on the same host where r-447-VM
2017/07/08 22:28:23 5 is running on the same host where r-447-VM
2017/07/08 22:28:23 t is running on the same host where r-447-VM
2017/07/08 22:28:56 M is running on the same host where r-448-VM
2017/07/08 22:28:56 v is running on the same host where r-448-VM
2017/07/08 22:28:56 - is running on the same host where r-448-VM
2017/07/08 22:28:56 v-598-VM is running on the same host where r-448-VM
2017/07/08 22:28:56 4 is running on the same host where r-448-VM
2017/07/08 22:28:56 V is running on the same host where r-448-VM
2017/07/08 22:28:56 9 is running on the same host where r-448-VM
2017/07/08 22:28:56 8 is running on the same host where r-448-VM
2017/07/08 22:28:56 c is running on the same host where r-447-VM
2017/07/08 22:28:56 - is running on the same host where r-447-VM
2017/07/08 22:28:56 l is running on the same host where r-447-VM
2017/07/08 22:28:56 0 is running on the same host where r-447-VM
2017/07/08 22:28:56 s is running on the same host where r-447-VM
2017/07/08 22:28:56 5 is running on the same host where r-447-VM
2017/07/08 22:28:56 t is running on the same host where r-447-VM
2017/07/08 22:33:01 M is running on the same host where r-448-VM
2017/07/08 22:33:01 v is running on the same host where r-448-VM
2017/07/08 22:33:01 - is running on the same host where r-448-VM
2017/07/08 22:33:01 v-598-VM is running on the same host where r-448-VM
2017/07/08 22:33:01 4 is running on the same host where r-448-VM
2017/07/08 22:33:01 V is running on the same host where r-448-VM
2017/07/08 22:33:01 9 is running on the same host where r-448-VM
2017/07/08 22:33:01 8 is running on the same host where r-448-VM
2017/07/08 22:33:01 c is running on the same host where r-447-VM
2017/07/08 22:33:01 - is running on the same host where r-447-VM
2017/07/08 22:33:01 l is running on the same host where r-447-VM
2017/07/08 22:33:01 0 is running on the same host where r-447-VM
2017/07/08 22:33:01 s is running on the same host where r-447-VM
2017/07/08 22:33:01 5 is running on the same host where r-447-VM
2017/07/08 22:33:01 t is running on the same host where r-447-VM
2017/07/08 22:38:40 v-598-VM is running on the same host where r-448-VM
2017/07/08 22:38:40 v-498-VM is running on the same host where r-448-VM
2017/07/08 22:39:05 v-598-VM is running on the same host where r-448-VM
2017/07/08 22:39:05 v-498-VM is running on the same host where r-448-VM
2017/07/08 22:40:14 v-598-VM is running on the same host where r-448-VM
2017/07/08 22:40:14 v-498-VM is running on the same host where r-448-VM
2017/07/08 22:40:48 v-598-VM is running on the same host where r-448-VM
2017/07/08 22:40:48 v-498-VM is running on the same host where r-448-VM
2017/07/08 22:41:06 v-598-VM is running on the same host where r-448-VM
2017/07/08 22:41:06 v-498-VM is running on the same host where r-448-VM
2017/07/08 22:41:13 v-598-VM is running on the same host where r-448-VM
2017/07/08 22:41:13 v-498-VM is running on the same host where r-448-VM
2017/07/08 22:42:32 v-598-VM is running on the same host where r-448-VM
2017/07/08 22:42:32 v-498-VM is running on the same host where r-448-VM
2017/07/08 22:42:41 v-598-VM is running on the same host where r-448-VM
2017/07/08 22:42:41 v-498-VM is running on the same host where r-448-VM
2017/07/08 22:42:43 v-598-VM is running on the same host where r-448-VM
2017/07/08 22:42:43 v-498-VM is running on the same host where r-448-VM
2017/07/08 22:42:44 v-598-VM is running on the same host where r-448-VM
2017/07/08 22:42:44 v-498-VM is running on the same host where r-448-VM
2017/07/08 22:42:45 v-598-VM is running on the same host where r-448-VM
2017/07/08 22:42:45 v-498-VM is running on the same host where r-448-VM
2017/07/08 22:42:45 v-598-VM is running on the same host where r-448-VM
2017/07/08 22:42:45 v-498-VM is running on the same host where r-448-VM
2017/07/08 22:42:46 v-598-VM is running on the same host where r-448-VM
2017/07/08 22:42:46 v-498-VM is running on the same host where r-448-VM
2017/07/08 22:42:47 v-598-VM is running on the same host where r-448-VM
2017/07/08 22:42:47 v-498-VM is running on the same host where r-448-VM
2017/07/08 23:50:32 v-598-VM is running on the same host where r-448-VM
2017/07/08 23:50:32 v-498-VM is running on the same host where r-448-VM
2017/07/08 22:53:49 v-498-VM is running on the same host where r-448-VM
2017/07/08 22:53:49 v-598-VM is running on the same host where r-448-VM
2017/07/08 22:54:05 v-498-VM is running on the same host where r-448-VM
2017/07/08 22:54:05 v-598-VM is running on the same host where r-448-VM
